{"name": "test_admin_page", "status": "failed", "statusDetails": {"message": "AssertionError", "trace": "self = <tests.test_scripts.test_003_admin.TestAdmin object at 0x106357220>, setup = <selenium.webdriver.chrome.webdriver.WebDriver (session=\"e33a323e30114bcc89c7da3c0fbd07da\")>\n\n    @pytest.mark.regression\n    @pytest.mark.sanity\n    def test_admin_page(self, setup):\n        self.logger.info(\"********************* START test_admin_page *********************\")\n        self.driver = setup\n        self.driver.get(self.base_url)\n    \n        self.lp = LoginPage(self.driver)\n    \n        self.lp.input_username(self.username_text)\n        self.lp.input_password(self.password_text)\n        self.lp.click_login_button()\n    \n        self.mm = MainMenu(self.driver)\n    \n        self.mm.open_main_menu()\n        self.mm.search_main_menu(self.txt_main_menu_admin)\n        self.mm.select_from_main_menu(self.txt_main_menu_admin)\n    \n        self.ap = AdminPage(self.driver)\n    \n        self.ap.username(self.txt_input_username)\n        self.ap.user_role(self.select_user_role_ess)\n        self.ap.employee(self.txt_input_employee_name)\n        self.ap.status(self.select_status_disabled)\n        # assert table\n        self.ap.search_button()\n>       self.ap.table(self.txt_input_username_admin)\n\ntests/test_scripts/test_003_admin.py:78: \n_ _ _ _ _ _ _ _ _ _ _ _ _ _ _ _ _ _ _ _ _ _ _ _ _ _ _ _ _ _ _ _ _ _ _ _ _ _ _ _ _ _ _ _ _ _ _ _ _ _ _ _ _ _ _ _ _ _ _ _ _ _ _ _ _ _ _ _ _ _ _ _ _ _ _ _ _ _ _ _ _ _ _ _ _ _ _ _ _ _ _ _ \n\nself = <page_objects.pom_admin.AdminPage object at 0x10637ef70>, table_username = 'Admin'\n\n    def table(self, table_username):\n        table_row = WebDriverWait(self.driver, 2).until(\n            ec.visibility_of_element_located((By.XPATH, \"//div[@role='rowgroup']//div[1]//div[1]//div[2]//div[1]\")))\n        # table_row = self.driver.find_element(By.XPATH, \"//div[@role='rowgroup']//div[1]//div[1]//div[2]//div[1]\")\n        print(table_row.text)\n>       assert table_row.text == table_username\nE       AssertionError\n\npage_objects/pom_admin.py:153: AssertionError"}, "attachments": [{"name": "log", "source": "6c2533f2-55c1-4092-9a0d-fa97d4828152-attachment.txt", "type": "text/plain"}], "start": 1671446327514, "stop": 1671446335213, "uuid": "e29d0ca4-6f9a-4a20-8edf-f1c830cf906b", "historyId": "9afbc7dd4c5e90470eee966edb38291d", "testCaseId": "e835ead4773cfb5fdd294c535d280b4a", "fullName": "test_003_admin.TestAdmin#test_admin_page", "labels": [{"name": "tag", "value": "sanity"}, {"name": "tag", "value": "regression"}, {"name": "suite", "value": "test_003_admin"}, {"name": "subSuite", "value": "TestAdmin"}, {"name": "host", "value": "DD2C5W9GLF"}, {"name": "thread", "value": "10675-MainThread"}, {"name": "framework", "value": "pytest"}, {"name": "language", "value": "cpython3"}, {"name": "package", "value": "test_003_admin"}]}